# JRE version: Java(TM) SE Runtime Environment (8.0_181-b13) (build 1.8.0_181-b13)
# Java VM: Java HotSpot(TM) 64-Bit Server VM (25.181-b13 mixed mode windows-amd64 compressed oops)
Heap:
 PSYoungGen      total 101888K, used 40926K [0x00000000e0f80000, 0x00000000e7680000, 0x0000000100000000)
  eden space 98304K, 37% used [0x00000000e0f80000,0x00000000e33f9890,0x00000000e6f80000)
  from space 3584K, 99% used [0x00000000e7300000,0x00000000e767e030,0x00000000e7680000)
  to   space 3584K, 0% used [0x00000000e6f80000,0x00000000e6f80000,0x00000000e7300000)
 ParOldGen       total 64512K, used 14702K [0x00000000a2e00000, 0x00000000a6d00000, 0x00000000e0f80000)
  object space 64512K, 22% used [0x00000000a2e00000,0x00000000a3c5b8e8,0x00000000a6d00000)
 Metaspace       used 16595K, capacity 16952K, committed 17152K, reserved 1064960K
  class space    used 1928K, capacity 2019K, committed 2048K, reserved 1048576K
GC Heap History (8 events):
Event: 2.231 GC heap before
{Heap before GC invocations=1 (full 0):
 PSYoungGen      total 28160K, used 24576K [0x00000000e0f80000, 0x00000000e2e80000, 0x0000000100000000)
  eden space 24576K, 100% used [0x00000000e0f80000,0x00000000e2780000,0x00000000e2780000)
  from space 3584K, 0% used [0x00000000e2b00000,0x00000000e2b00000,0x00000000e2e80000)
  to   space 3584K, 0% used [0x00000000e2780000,0x00000000e2780000,0x00000000e2b00000)
 ParOldGen       total 64512K, used 0K [0x00000000a2e00000, 0x00000000a6d00000, 0x00000000e0f80000)
  object space 64512K, 0% used [0x00000000a2e00000,0x00000000a2e00000,0x00000000a6d00000)
 Metaspace       used 8486K, capacity 8664K, committed 8832K, reserved 1056768K
  class space    used 1014K, capacity 1080K, committed 1152K, reserved 1048576K
Event: 2.254 GC heap after
Heap after GC invocations=1 (full 0):
 PSYoungGen      total 28160K, used 3572K [0x00000000e0f80000, 0x00000000e4680000, 0x0000000100000000)
  eden space 24576K, 0% used [0x00000000e0f80000,0x00000000e0f80000,0x00000000e2780000)
  from space 3584K, 99% used [0x00000000e2780000,0x00000000e2afd198,0x00000000e2b00000)
  to   space 3584K, 0% used [0x00000000e4300000,0x00000000e4300000,0x00000000e4680000)
 ParOldGen       total 64512K, used 1298K [0x00000000a2e00000, 0x00000000a6d00000, 0x00000000e0f80000)
  object space 64512K, 2% used [0x00000000a2e00000,0x00000000a2f44b30,0x00000000a6d00000)
 Metaspace       used 8486K, capacity 8664K, committed 8832K, reserved 1056768K
  class space    used 1014K, capacity 1080K, committed 1152K, reserved 1048576K
}
Event: 2.624 GC heap before
{Heap before GC invocations=2 (full 0):
 PSYoungGen      total 28160K, used 28148K [0x00000000e0f80000, 0x00000000e4680000, 0x0000000100000000)
  eden space 24576K, 100% used [0x00000000e0f80000,0x00000000e2780000,0x00000000e2780000)
  from space 3584K, 99% used [0x00000000e2780000,0x00000000e2afd198,0x00000000e2b00000)
  to   space 3584K, 0% used [0x00000000e4300000,0x00000000e4300000,0x00000000e4680000)
 ParOldGen       total 64512K, used 1298K [0x00000000a2e00000, 0x00000000a6d00000, 0x00000000e0f80000)
  object space 64512K, 2% used [0x00000000a2e00000,0x00000000a2f44b30,0x00000000a6d00000)
 Metaspace       used 10159K, capacity 10306K, committed 10624K, reserved 1058816K
  class space    used 1228K, capacity 1282K, committed 1408K, reserved 1048576K
Event: 2.643 GC heap after
Heap after GC invocations=2 (full 0):
 PSYoungGen      total 52736K, used 3570K [0x00000000e0f80000, 0x00000000e4680000, 0x0000000100000000)
  eden space 49152K, 0% used [0x00000000e0f80000,0x00000000e0f80000,0x00000000e3f80000)
  from space 3584K, 99% used [0x00000000e4300000,0x00000000e467cbc0,0x00000000e4680000)
  to   space 3584K, 0% used [0x00000000e3f80000,0x00000000e3f80000,0x00000000e4300000)
 ParOldGen       total 64512K, used 2703K [0x00000000a2e00000, 0x00000000a6d00000, 0x00000000e0f80000)
  object space 64512K, 4% used [0x00000000a2e00000,0x00000000a30a3e40,0x00000000a6d00000)
 Metaspace       used 10159K, capacity 10306K, committed 10624K, reserved 1058816K
  class space    used 1228K, capacity 1282K, committed 1408K, reserved 1048576K
}
Event: 4.633 GC heap before
{Heap before GC invocations=3 (full 0):
 PSYoungGen      total 52736K, used 52722K [0x00000000e0f80000, 0x00000000e4680000, 0x0000000100000000)
  eden space 49152K, 100% used [0x00000000e0f80000,0x00000000e3f80000,0x00000000e3f80000)
  from space 3584K, 99% used [0x00000000e4300000,0x00000000e467cbc0,0x00000000e4680000)
  to   space 3584K, 0% used [0x00000000e3f80000,0x00000000e3f80000,0x00000000e4300000)
 ParOldGen       total 64512K, used 2703K [0x00000000a2e00000, 0x00000000a6d00000, 0x00000000e0f80000)
  object space 64512K, 4% used [0x00000000a2e00000,0x00000000a30a3e40,0x00000000a6d00000)
 Metaspace       used 15430K, capacity 15608K, committed 15872K, reserved 1062912K
  class space    used 1872K, capacity 1945K, committed 2048K, reserved 1048576K
Event: 4.645 GC heap after
Heap after GC invocations=3 (full 0):
 PSYoungGen      total 52736K, used 3576K [0x00000000e0f80000, 0x00000000e7680000, 0x0000000100000000)
  eden space 49152K, 0% used [0x00000000e0f80000,0x00000000e0f80000,0x00000000e3f80000)
  from space 3584K, 99% used [0x00000000e3f80000,0x00000000e42fe050,0x00000000e4300000)
  to   space 3584K, 0% used [0x00000000e7300000,0x00000000e7300000,0x00000000e7680000)
 ParOldGen       total 64512K, used 9040K [0x00000000a2e00000, 0x00000000a6d00000, 0x00000000e0f80000)
  object space 64512K, 14% used [0x00000000a2e00000,0x00000000a36d43a0,0x00000000a6d00000)
 Metaspace       used 15430K, capacity 15608K, committed 15872K, reserved 1062912K
  class space    used 1872K, capacity 1945K, committed 2048K, reserved 1048576K
}
Event: 8.894 GC heap before
{Heap before GC invocations=4 (full 0):
 PSYoungGen      total 52736K, used 52728K [0x00000000e0f80000, 0x00000000e7680000, 0x0000000100000000)
  eden space 49152K, 100% used [0x00000000e0f80000,0x00000000e3f80000,0x00000000e3f80000)
  from space 3584K, 99% used [0x00000000e3f80000,0x00000000e42fe050,0x00000000e4300000)
  to   space 3584K, 0% used [0x00000000e7300000,0x00000000e7300000,0x00000000e7680000)
 ParOldGen       total 64512K, used 9040K [0x00000000a2e00000, 0x00000000a6d00000, 0x00000000e0f80000)
  object space 64512K, 14% used [0x00000000a2e00000,0x00000000a36d43a0,0x00000000a6d00000)
 Metaspace       used 16131K, capacity 16362K, committed 16640K, reserved 1064960K
  class space    used 1908K, capacity 1980K, committed 2048K, reserved 1048576K
Event: 8.909 GC heap after
Heap after GC invocations=4 (full 0):
 PSYoungGen      total 101888K, used 3576K [0x00000000e0f80000, 0x00000000e7680000, 0x0000000100000000)
  eden space 98304K, 0% used [0x00000000e0f80000,0x00000000e0f80000,0x00000000e6f80000)
  from space 3584K, 99% used [0x00000000e7300000,0x00000000e767e030,0x00000000e7680000)
  to   space 3584K, 0% used [0x00000000e6f80000,0x00000000e6f80000,0x00000000e7300000)
 ParOldGen       total 64512K, used 14702K [0x00000000a2e00000, 0x00000000a6d00000, 0x00000000e0f80000)
  object space 64512K, 22% used [0x00000000a2e00000,0x00000000a3c5b8e8,0x00000000a6d00000)
 Metaspace       used 16131K, capacity 16362K, committed 16640K, reserved 1064960K
  class space    used 1908K, capacity 1980K, committed 2048K, reserved 1048576K
}

