# JRE version: Java(TM) SE Runtime Environment (8.0_181-b13) (build 1.8.0_181-b13)
# Java VM: Java HotSpot(TM) 64-Bit Server VM (25.181-b13 mixed mode windows-amd64 compressed oops)
Heap:
 PSYoungGen      total 200192K, used 39692K [0x00000000e0f80000, 0x00000000f3c00000, 0x0000000100000000)
  eden space 168960K, 11% used [0x00000000e0f80000,0x00000000e228fab0,0x00000000eb480000)
  from space 31232K, 64% used [0x00000000eb480000,0x00000000ec833908,0x00000000ed300000)
  to   space 32768K, 0% used [0x00000000f1c00000,0x00000000f1c00000,0x00000000f3c00000)
 ParOldGen       total 106496K, used 44403K [0x00000000a2e00000, 0x00000000a9600000, 0x00000000e0f80000)
  object space 106496K, 41% used [0x00000000a2e00000,0x00000000a595ce20,0x00000000a9600000)
 Metaspace       used 25939K, capacity 26726K, committed 26880K, reserved 1073152K
  class space    used 3031K, capacity 3225K, committed 3328K, reserved 1048576K
GC Heap History (10 events):
Event: 7.505 GC heap before
{Heap before GC invocations=4 (full 0):
 PSYoungGen      total 52736K, used 52728K [0x00000000e0f80000, 0x00000000e7680000, 0x0000000100000000)
  eden space 49152K, 100% used [0x00000000e0f80000,0x00000000e3f80000,0x00000000e3f80000)
  from space 3584K, 99% used [0x00000000e3f80000,0x00000000e42fe030,0x00000000e4300000)
  to   space 3584K, 0% used [0x00000000e7300000,0x00000000e7300000,0x00000000e7680000)
 ParOldGen       total 64512K, used 9028K [0x00000000a2e00000, 0x00000000a6d00000, 0x00000000e0f80000)
  object space 64512K, 13% used [0x00000000a2e00000,0x00000000a36d1318,0x00000000a6d00000)
 Metaspace       used 16186K, capacity 16430K, committed 16640K, reserved 1064960K
  class space    used 1907K, capacity 1980K, committed 2048K, reserved 1048576K
Event: 7.549 GC heap after
Heap after GC invocations=4 (full 0):
 PSYoungGen      total 101888K, used 3552K [0x00000000e0f80000, 0x00000000e7680000, 0x0000000100000000)
  eden space 98304K, 0% used [0x00000000e0f80000,0x00000000e0f80000,0x00000000e6f80000)
  from space 3584K, 99% used [0x00000000e7300000,0x00000000e7678020,0x00000000e7680000)
  to   space 3584K, 0% used [0x00000000e6f80000,0x00000000e6f80000,0x00000000e7300000)
 ParOldGen       total 64512K, used 14721K [0x00000000a2e00000, 0x00000000a6d00000, 0x00000000e0f80000)
  object space 64512K, 22% used [0x00000000a2e00000,0x00000000a3c60620,0x00000000a6d00000)
 Metaspace       used 16186K, capacity 16430K, committed 16640K, reserved 1064960K
  class space    used 1907K, capacity 1980K, committed 2048K, reserved 1048576K
}
Event: 11.449 GC heap before
{Heap before GC invocations=5 (full 0):
 PSYoungGen      total 101888K, used 97221K [0x00000000e0f80000, 0x00000000e7680000, 0x0000000100000000)
  eden space 98304K, 95% used [0x00000000e0f80000,0x00000000e6af96f0,0x00000000e6f80000)
  from space 3584K, 99% used [0x00000000e7300000,0x00000000e7678020,0x00000000e7680000)
  to   space 3584K, 0% used [0x00000000e6f80000,0x00000000e6f80000,0x00000000e7300000)
 ParOldGen       total 64512K, used 14721K [0x00000000a2e00000, 0x00000000a6d00000, 0x00000000e0f80000)
  object space 64512K, 22% used [0x00000000a2e00000,0x00000000a3c60620,0x00000000a6d00000)
 Metaspace       used 17612K, capacity 18132K, committed 18304K, reserved 1064960K
  class space    used 2029K, capacity 2155K, committed 2176K, reserved 1048576K
Event: 11.479 GC heap after
Heap after GC invocations=5 (full 0):
 PSYoungGen      total 101888K, used 3584K [0x00000000e0f80000, 0x00000000f0d80000, 0x0000000100000000)
  eden space 98304K, 0% used [0x00000000e0f80000,0x00000000e0f80000,0x00000000e6f80000)
  from space 3584K, 100% used [0x00000000e6f80000,0x00000000e7300000,0x00000000e7300000)
  to   space 31744K, 0% used [0x00000000eee80000,0x00000000eee80000,0x00000000f0d80000)
 ParOldGen       total 64512K, used 49024K [0x00000000a2e00000, 0x00000000a6d00000, 0x00000000e0f80000)
  object space 64512K, 75% used [0x00000000a2e00000,0x00000000a5de0360,0x00000000a6d00000)
 Metaspace       used 17612K, capacity 18132K, committed 18304K, reserved 1064960K
  class space    used 2029K, capacity 2155K, committed 2176K, reserved 1048576K
}
Event: 11.479 GC heap before
{Heap before GC invocations=6 (full 1):
 PSYoungGen      total 101888K, used 3584K [0x00000000e0f80000, 0x00000000f0d80000, 0x0000000100000000)
  eden space 98304K, 0% used [0x00000000e0f80000,0x00000000e0f80000,0x00000000e6f80000)
  from space 3584K, 100% used [0x00000000e6f80000,0x00000000e7300000,0x00000000e7300000)
  to   space 31744K, 0% used [0x00000000eee80000,0x00000000eee80000,0x00000000f0d80000)
 ParOldGen       total 64512K, used 49024K [0x00000000a2e00000, 0x00000000a6d00000, 0x00000000e0f80000)
  object space 64512K, 75% used [0x00000000a2e00000,0x00000000a5de0360,0x00000000a6d00000)
 Metaspace       used 17612K, capacity 18132K, committed 18304K, reserved 1064960K
  class space    used 2029K, capacity 2155K, committed 2176K, reserved 1048576K
Event: 11.564 GC heap after
Heap after GC invocations=6 (full 1):
 PSYoungGen      total 101888K, used 0K [0x00000000e0f80000, 0x00000000f0d80000, 0x0000000100000000)
  eden space 98304K, 0% used [0x00000000e0f80000,0x00000000e0f80000,0x00000000e6f80000)
  from space 3584K, 0% used [0x00000000e6f80000,0x00000000e6f80000,0x00000000e7300000)
  to   space 31744K, 0% used [0x00000000eee80000,0x00000000eee80000,0x00000000f0d80000)
 ParOldGen       total 106496K, used 44387K [0x00000000a2e00000, 0x00000000a9600000, 0x00000000e0f80000)
  object space 106496K, 41% used [0x00000000a2e00000,0x00000000a5958e20,0x00000000a9600000)
 Metaspace       used 17612K, capacity 18132K, committed 18304K, reserved 1064960K
  class space    used 2029K, capacity 2155K, committed 2176K, reserved 1048576K
}
Event: 13.178 GC heap before
{Heap before GC invocations=7 (full 1):
 PSYoungGen      total 101888K, used 98304K [0x00000000e0f80000, 0x00000000f0d80000, 0x0000000100000000)
  eden space 98304K, 100% used [0x00000000e0f80000,0x00000000e6f80000,0x00000000e6f80000)
  from space 3584K, 0% used [0x00000000e6f80000,0x00000000e6f80000,0x00000000e7300000)
  to   space 31744K, 0% used [0x00000000eee80000,0x00000000eee80000,0x00000000f0d80000)
 ParOldGen       total 106496K, used 44387K [0x00000000a2e00000, 0x00000000a9600000, 0x00000000e0f80000)
  object space 106496K, 41% used [0x00000000a2e00000,0x00000000a5958e20,0x00000000a9600000)
 Metaspace       used 20411K, capacity 20980K, committed 21248K, reserved 1069056K
  class space    used 2376K, capacity 2491K, committed 2560K, reserved 1048576K
Event: 13.184 GC heap after
Heap after GC invocations=7 (full 1):
 PSYoungGen      total 158208K, used 3043K [0x00000000e0f80000, 0x00000000ef180000, 0x0000000100000000)
  eden space 155136K, 0% used [0x00000000e0f80000,0x00000000e0f80000,0x00000000ea700000)
  from space 3072K, 99% used [0x00000000eee80000,0x00000000ef178f48,0x00000000ef180000)
  to   space 31232K, 0% used [0x00000000eb480000,0x00000000eb480000,0x00000000ed300000)
 ParOldGen       total 106496K, used 44395K [0x00000000a2e00000, 0x00000000a9600000, 0x00000000e0f80000)
  object space 106496K, 41% used [0x00000000a2e00000,0x00000000a595ae20,0x00000000a9600000)
 Metaspace       used 20411K, capacity 20980K, committed 21248K, reserved 1069056K
  class space    used 2376K, capacity 2491K, committed 2560K, reserved 1048576K
}
Event: 16.936 GC heap before
{Heap before GC invocations=8 (full 1):
 PSYoungGen      total 158208K, used 158179K [0x00000000e0f80000, 0x00000000ef180000, 0x0000000100000000)
  eden space 155136K, 100% used [0x00000000e0f80000,0x00000000ea700000,0x00000000ea700000)
  from space 3072K, 99% used [0x00000000eee80000,0x00000000ef178f48,0x00000000ef180000)
  to   space 31232K, 0% used [0x00000000eb480000,0x00000000eb480000,0x00000000ed300000)
 ParOldGen       total 106496K, used 44395K [0x00000000a2e00000, 0x00000000a9600000, 0x00000000e0f80000)
  object space 106496K, 41% used [0x00000000a2e00000,0x00000000a595ae20,0x00000000a9600000)
 Metaspace       used 25829K, capacity 26542K, committed 26752K, reserved 1073152K
  class space    used 3021K, capacity 3185K, committed 3200K, reserved 1048576K
Event: 16.963 GC heap after
Heap after GC invocations=8 (full 1):
 PSYoungGen      total 200192K, used 20174K [0x00000000e0f80000, 0x00000000f3c00000, 0x0000000100000000)
  eden space 168960K, 0% used [0x00000000e0f80000,0x00000000e0f80000,0x00000000eb480000)
  from space 31232K, 64% used [0x00000000eb480000,0x00000000ec833908,0x00000000ed300000)
  to   space 32768K, 0% used [0x00000000f1c00000,0x00000000f1c00000,0x00000000f3c00000)
 ParOldGen       total 106496K, used 44403K [0x00000000a2e00000, 0x00000000a9600000, 0x00000000e0f80000)
  object space 106496K, 41% used [0x00000000a2e00000,0x00000000a595ce20,0x00000000a9600000)
 Metaspace       used 25829K, capacity 26542K, committed 26752K, reserved 1073152K
  class space    used 3021K, capacity 3185K, committed 3200K, reserved 1048576K
}

